/u/s/i/sinclair/courses/cs552/spring2019/handouts/testprograms/public/rand_final/ldld_rand_large.asm SUCCESS CPI:2.2 CYCLES:2316 ICOUNT:1035 IHITRATE: 99.7 DHITRATE: 96.8
/u/s/i/sinclair/courses/cs552/spring2019/handouts/testprograms/public/rand_final/ldld_rand_small.asm SUCCESS CPI:2.2 CYCLES:2316 ICOUNT:1035 IHITRATE: 99.7 DHITRATE: 96.8
/u/s/i/sinclair/courses/cs552/spring2019/handouts/testprograms/public/rand_final/ldst_rand_large.asm SUCCESS CPI:15.0 CYCLES:45 ICOUNT:3 IHITRATE: 83.3 DHITRATE: 0.0
/u/s/i/sinclair/courses/cs552/spring2019/handouts/testprograms/public/rand_final/ldst_rand_small.asm SUCCESS CPI:15.0 CYCLES:45 ICOUNT:3 IHITRATE: 83.3 DHITRATE: 0.0
/u/s/i/sinclair/courses/cs552/spring2019/handouts/testprograms/public/rand_final/t_100_all.asm SUCCESS CPI:5.1 CYCLES:1587 ICOUNT:314 IHITRATE: 72.4 DHITRATE: 70.4
/u/s/i/sinclair/courses/cs552/spring2019/handouts/testprograms/public/rand_final/t_100_ctrl.asm SUCCESS CPI:5.0 CYCLES:2169 ICOUNT:436 IHITRATE: 70.9 DHITRATE: 71.8
/u/s/i/sinclair/courses/cs552/spring2019/handouts/testprograms/public/rand_final/t_100_icache.asm SUCCESS CPI:31.2 CYCLES:375 ICOUNT:12 IHITRATE: 44.1 DHITRATE: 0
/u/s/i/sinclair/courses/cs552/spring2019/handouts/testprograms/public/rand_final/t_100_idcache.asm SUCCESS CPI:8.7 CYCLES:680 ICOUNT:78 IHITRATE: 71.2 DHITRATE: 65.9
/u/s/i/sinclair/courses/cs552/spring2019/handouts/testprograms/public/rand_final/t_100_mem.asm SUCCESS CPI:4.9 CYCLES:3283 ICOUNT:668 IHITRATE: 79.0 DHITRATE: 97.6
/u/s/i/sinclair/courses/cs552/spring2019/handouts/testprograms/public/rand_final/t_101_all.asm SUCCESS CPI:4.7 CYCLES:1982 ICOUNT:422 IHITRATE: 72.0 DHITRATE: 71.4
/u/s/i/sinclair/courses/cs552/spring2019/handouts/testprograms/public/rand_final/t_101_ctrl.asm SUCCESS CPI:4.5 CYCLES:2341 ICOUNT:515 IHITRATE: 74.1 DHITRATE: 73.7
/u/s/i/sinclair/courses/cs552/spring2019/handouts/testprograms/public/rand_final/t_101_icache.asm SUCCESS CPI:6.5 CYCLES:381 ICOUNT:59 IHITRATE: 64.3 DHITRATE: 0
/u/s/i/sinclair/courses/cs552/spring2019/handouts/testprograms/public/rand_final/t_101_idcache.asm SUCCESS CPI:8.7 CYCLES:630 ICOUNT:72 IHITRATE: 72.3 DHITRATE: 35.0
/u/s/i/sinclair/courses/cs552/spring2019/handouts/testprograms/public/rand_final/t_101_mem.asm SUCCESS CPI:4.9 CYCLES:3272 ICOUNT:670 IHITRATE: 78.8 DHITRATE: 97.7
/u/s/i/sinclair/courses/cs552/spring2019/handouts/testprograms/public/rand_final/t_102_all.asm SUCCESS CPI:4.7 CYCLES:1652 ICOUNT:349 IHITRATE: 71.7 DHITRATE: 61.3
/u/s/i/sinclair/courses/cs552/spring2019/handouts/testprograms/public/rand_final/t_102_ctrl.asm SUCCESS CPI:5.0 CYCLES:2186 ICOUNT:434 IHITRATE: 72.3 DHITRATE: 61.8
/u/s/i/sinclair/courses/cs552/spring2019/handouts/testprograms/public/rand_final/t_102_icache.asm SUCCESS CPI:43.6 CYCLES:524 ICOUNT:12 IHITRATE: 45.4 DHITRATE: 0
/u/s/i/sinclair/courses/cs552/spring2019/handouts/testprograms/public/rand_final/t_102_idcache.asm SUCCESS CPI:10.1 CYCLES:624 ICOUNT:62 IHITRATE: 69.6 DHITRATE: 54.2
/u/s/i/sinclair/courses/cs552/spring2019/handouts/testprograms/public/rand_final/t_102_mem.asm SUCCESS CPI:4.6 CYCLES:3110 ICOUNT:677 IHITRATE: 77.4 DHITRATE: 98.8
/u/s/i/sinclair/courses/cs552/spring2019/handouts/testprograms/public/rand_final/t_103_all.asm SUCCESS CPI:4.6 CYCLES:1979 ICOUNT:434 IHITRATE: 73.8 DHITRATE: 57.7
/u/s/i/sinclair/courses/cs552/spring2019/handouts/testprograms/public/rand_final/t_103_ctrl.asm SUCCESS CPI:4.6 CYCLES:2458 ICOUNT:534 IHITRATE: 72.9 DHITRATE: 68.9
/u/s/i/sinclair/courses/cs552/spring2019/handouts/testprograms/public/rand_final/t_103_icache.asm SUCCESS CPI:34.1 CYCLES:444 ICOUNT:13 IHITRATE: 42.5 DHITRATE: 0
/u/s/i/sinclair/courses/cs552/spring2019/handouts/testprograms/public/rand_final/t_103_idcache.asm SUCCESS CPI:5.5 CYCLES:764 ICOUNT:139 IHITRATE: 74.3 DHITRATE: 57.1
/u/s/i/sinclair/courses/cs552/spring2019/handouts/testprograms/public/rand_final/t_103_mem.asm SUCCESS CPI:4.8 CYCLES:3171 ICOUNT:665 IHITRATE: 77.4 DHITRATE: 98.7
/u/s/i/sinclair/courses/cs552/spring2019/handouts/testprograms/public/rand_final/t_104_all.asm SUCCESS CPI:4.4 CYCLES:1958 ICOUNT:440 IHITRATE: 73.4 DHITRATE: 63.0
/u/s/i/sinclair/courses/cs552/spring2019/handouts/testprograms/public/rand_final/t_104_ctrl.asm SUCCESS CPI:4.6 CYCLES:2418 ICOUNT:527 IHITRATE: 73.5 DHITRATE: 64.6
/u/s/i/sinclair/courses/cs552/spring2019/handouts/testprograms/public/rand_final/t_104_icache.asm SUCCESS CPI:8.5 CYCLES:409 ICOUNT:48 IHITRATE: 58.5 DHITRATE: 0
/u/s/i/sinclair/courses/cs552/spring2019/handouts/testprograms/public/rand_final/t_104_idcache.asm SUCCESS CPI:7.6 CYCLES:624 ICOUNT:82 IHITRATE: 69.6 DHITRATE: 20.0
/u/s/i/sinclair/courses/cs552/spring2019/handouts/testprograms/public/rand_final/t_104_mem.asm SUCCESS CPI:4.7 CYCLES:3153 ICOUNT:665 IHITRATE: 77.3 DHITRATE: 99.0
/u/s/i/sinclair/courses/cs552/spring2019/handouts/testprograms/public/rand_final/t_105_all.asm SUCCESS CPI:4.6 CYCLES:1996 ICOUNT:438 IHITRATE: 73.1 DHITRATE: 60.7
/u/s/i/sinclair/courses/cs552/spring2019/handouts/testprograms/public/rand_final/t_105_ctrl.asm SUCCESS CPI:4.6 CYCLES:2276 ICOUNT:500 IHITRATE: 71.7 DHITRATE: 70.5
/u/s/i/sinclair/courses/cs552/spring2019/handouts/testprograms/public/rand_final/t_105_icache.asm SUCCESS CPI:11.3 CYCLES:462 ICOUNT:41 IHITRATE: 54.5 DHITRATE: 0
/u/s/i/sinclair/courses/cs552/spring2019/handouts/testprograms/public/rand_final/t_105_idcache.asm SUCCESS CPI:8.7 CYCLES:675 ICOUNT:78 IHITRATE: 64.0 DHITRATE: 8.3
/u/s/i/sinclair/courses/cs552/spring2019/handouts/testprograms/public/rand_final/t_105_mem.asm SUCCESS CPI:4.7 CYCLES:3141 ICOUNT:667 IHITRATE: 77.0 DHITRATE: 98.7
/u/s/i/sinclair/courses/cs552/spring2019/handouts/testprograms/public/rand_final/t_106_all.asm SUCCESS CPI:4.8 CYCLES:2136 ICOUNT:444 IHITRATE: 71.7 DHITRATE: 70.7
/u/s/i/sinclair/courses/cs552/spring2019/handouts/testprograms/public/rand_final/t_106_ctrl.asm SUCCESS CPI:4.8 CYCLES:2384 ICOUNT:492 IHITRATE: 72.3 DHITRATE: 72.7
/u/s/i/sinclair/courses/cs552/spring2019/handouts/testprograms/public/rand_final/t_106_icache.asm SUCCESS CPI:36.6 CYCLES:439 ICOUNT:12 IHITRATE: 47.6 DHITRATE: 0
/u/s/i/sinclair/courses/cs552/spring2019/handouts/testprograms/public/rand_final/t_106_idcache.asm SUCCESS CPI:6.2 CYCLES:767 ICOUNT:123 IHITRATE: 69.1 DHITRATE: 28.6
/u/s/i/sinclair/courses/cs552/spring2019/handouts/testprograms/public/rand_final/t_106_mem.asm SUCCESS CPI:4.8 CYCLES:3208 ICOUNT:669 IHITRATE: 77.9 DHITRATE: 98.4
/u/s/i/sinclair/courses/cs552/spring2019/handouts/testprograms/public/rand_final/t_107_all.asm SUCCESS CPI:4.6 CYCLES:1880 ICOUNT:410 IHITRATE: 73.6 DHITRATE: 65.6
/u/s/i/sinclair/courses/cs552/spring2019/handouts/testprograms/public/rand_final/t_107_ctrl.asm SUCCESS CPI:4.5 CYCLES:2423 ICOUNT:537 IHITRATE: 72.1 DHITRATE: 78.4
/u/s/i/sinclair/courses/cs552/spring2019/handouts/testprograms/public/rand_final/t_107_icache.asm SUCCESS CPI:10.7 CYCLES:407 ICOUNT:38 IHITRATE: 61.0 DHITRATE: 0
/u/s/i/sinclair/courses/cs552/spring2019/handouts/testprograms/public/rand_final/t_107_idcache.asm SUCCESS CPI:6.7 CYCLES:597 ICOUNT:89 IHITRATE: 68.8 DHITRATE: 52.9
/u/s/i/sinclair/courses/cs552/spring2019/handouts/testprograms/public/rand_final/t_107_mem.asm SUCCESS CPI:4.8 CYCLES:3151 ICOUNT:659 IHITRATE: 77.5 DHITRATE: 98.5
/u/s/i/sinclair/courses/cs552/spring2019/handouts/testprograms/public/rand_final/t_108_all.asm SUCCESS CPI:4.4 CYCLES:1941 ICOUNT:444 IHITRATE: 74.1 DHITRATE: 64.9
/u/s/i/sinclair/courses/cs552/spring2019/handouts/testprograms/public/rand_final/t_108_ctrl.asm SUCCESS CPI:4.6 CYCLES:2294 ICOUNT:495 IHITRATE: 71.1 DHITRATE: 72.1
/u/s/i/sinclair/courses/cs552/spring2019/handouts/testprograms/public/rand_final/t_108_icache.asm SUCCESS CPI:8.2 CYCLES:352 ICOUNT:43 IHITRATE: 61.2 DHITRATE: 0
/u/s/i/sinclair/courses/cs552/spring2019/handouts/testprograms/public/rand_final/t_108_idcache.asm SUCCESS CPI:9.9 CYCLES:485 ICOUNT:49 IHITRATE: 68.1 DHITRATE: 50.0
/u/s/i/sinclair/courses/cs552/spring2019/handouts/testprograms/public/rand_final/t_108_mem.asm SUCCESS CPI:4.9 CYCLES:3290 ICOUNT:675 IHITRATE: 79.1 DHITRATE: 97.2
/u/s/i/sinclair/courses/cs552/spring2019/handouts/testprograms/public/rand_final/t_109_all.asm SUCCESS CPI:4.8 CYCLES:1541 ICOUNT:318 IHITRATE: 71.2 DHITRATE: 83.3
/u/s/i/sinclair/courses/cs552/spring2019/handouts/testprograms/public/rand_final/t_109_ctrl.asm SUCCESS CPI:4.6 CYCLES:2439 ICOUNT:527 IHITRATE: 71.4 DHITRATE: 85.4
/u/s/i/sinclair/courses/cs552/spring2019/handouts/testprograms/public/rand_final/t_109_icache.asm SUCCESS CPI:7.0 CYCLES:615 ICOUNT:88 IHITRATE: 62.6 DHITRATE: 0
/u/s/i/sinclair/courses/cs552/spring2019/handouts/testprograms/public/rand_final/t_109_idcache.asm SUCCESS CPI:8.4 CYCLES:797 ICOUNT:95 IHITRATE: 72.3 DHITRATE: 33.3
/u/s/i/sinclair/courses/cs552/spring2019/handouts/testprograms/public/rand_final/t_109_mem.asm SUCCESS CPI:4.8 CYCLES:3189 ICOUNT:659 IHITRATE: 77.5 DHITRATE: 98.5
/u/s/i/sinclair/courses/cs552/spring2019/handouts/testprograms/public/rand_final/t_10_mem.asm SUCCESS CPI:4.7 CYCLES:3134 ICOUNT:664 IHITRATE: 77.9 DHITRATE: 98.5
/u/s/i/sinclair/courses/cs552/spring2019/handouts/testprograms/public/rand_final/t_110_all.asm SUCCESS CPI:4.5 CYCLES:1951 ICOUNT:434 IHITRATE: 72.0 DHITRATE: 84.6
/u/s/i/sinclair/courses/cs552/spring2019/handouts/testprograms/public/rand_final/t_110_ctrl.asm SUCCESS CPI:5.0 CYCLES:2268 ICOUNT:458 IHITRATE: 72.2 DHITRATE: 71.1
/u/s/i/sinclair/courses/cs552/spring2019/handouts/testprograms/public/rand_final/t_110_icache.asm SUCCESS CPI:7.3 CYCLES:502 ICOUNT:69 IHITRATE: 61.8 DHITRATE: 0
/u/s/i/sinclair/courses/cs552/spring2019/handouts/testprograms/public/rand_final/t_110_idcache.asm SUCCESS CPI:5.9 CYCLES:862 ICOUNT:147 IHITRATE: 71.0 DHITRATE: 17.6
/u/s/i/sinclair/courses/cs552/spring2019/handouts/testprograms/public/rand_final/t_110_mem.asm SUCCESS CPI:4.6 CYCLES:3112 ICOUNT:678 IHITRATE: 76.9 DHITRATE: 98.7
/u/s/i/sinclair/courses/cs552/spring2019/handouts/testprograms/public/rand_final/t_111_all.asm SUCCESS CPI:5.0 CYCLES:1868 ICOUNT:377 IHITRATE: 71.4 DHITRATE: 73.7
/u/s/i/sinclair/courses/cs552/spring2019/handouts/testprograms/public/rand_final/t_111_ctrl.asm SUCCESS CPI:4.4 CYCLES:2399 ICOUNT:542 IHITRATE: 73.7 DHITRATE: 73.5
/u/s/i/sinclair/courses/cs552/spring2019/handouts/testprograms/public/rand_final/t_111_icache.asm SUCCESS CPI:28.3 CYCLES:425 ICOUNT:15 IHITRATE: 44.9 DHITRATE: 0
/u/s/i/sinclair/courses/cs552/spring2019/handouts/testprograms/public/rand_final/t_111_idcache.asm SUCCESS CPI:6.8 CYCLES:656 ICOUNT:96 IHITRATE: 69.3 DHITRATE: 40.9
/u/s/i/sinclair/courses/cs552/spring2019/handouts/testprograms/public/rand_final/t_111_mem.asm SUCCESS CPI:4.8 CYCLES:3259 ICOUNT:680 IHITRATE: 79.0 DHITRATE: 98.0
/u/s/i/sinclair/courses/cs552/spring2019/handouts/testprograms/public/rand_final/t_112_all.asm SUCCESS CPI:4.9 CYCLES:1733 ICOUNT:354 IHITRATE: 72.9 DHITRATE: 62.1
/u/s/i/sinclair/courses/cs552/spring2019/handouts/testprograms/public/rand_final/t_112_ctrl.asm SUCCESS CPI:4.6 CYCLES:2406 ICOUNT:523 IHITRATE: 73.8 DHITRATE: 61.0
/u/s/i/sinclair/courses/cs552/spring2019/handouts/testprograms/public/rand_final/t_112_icache.asm SUCCESS CPI:6.2 CYCLES:371 ICOUNT:60 IHITRATE: 63.2 DHITRATE: 0
/u/s/i/sinclair/courses/cs552/spring2019/handouts/testprograms/public/rand_final/t_112_idcache.asm SUCCESS CPI:8.5 CYCLES:578 ICOUNT:68 IHITRATE: 74.9 DHITRATE: 58.8
/u/s/i/sinclair/courses/cs552/spring2019/handouts/testprograms/public/rand_final/t_112_mem.asm SUCCESS CPI:4.8 CYCLES:3201 ICOUNT:668 IHITRATE: 77.5 DHITRATE: 98.9
/u/s/i/sinclair/courses/cs552/spring2019/handouts/testprograms/public/rand_final/t_113_all.asm SUCCESS CPI:4.7 CYCLES:1537 ICOUNT:325 IHITRATE: 71.7 DHITRATE: 77.1
/u/s/i/sinclair/courses/cs552/spring2019/handouts/testprograms/public/rand_final/t_113_ctrl.asm SUCCESS CPI:4.9 CYCLES:2303 ICOUNT:467 IHITRATE: 71.8 DHITRATE: 73.5
/u/s/i/sinclair/courses/cs552/spring2019/handouts/testprograms/public/rand_final/t_113_icache.asm SUCCESS CPI:12.1 CYCLES:652 ICOUNT:54 IHITRATE: 52.2 DHITRATE: 0
/u/s/i/sinclair/courses/cs552/spring2019/handouts/testprograms/public/rand_final/t_113_idcache.asm SUCCESS CPI:5.9 CYCLES:819 ICOUNT:139 IHITRATE: 68.0 DHITRATE: 50.0
/u/s/i/sinclair/courses/cs552/spring2019/handouts/testprograms/public/rand_final/t_113_mem.asm SUCCESS CPI:4.7 CYCLES:3204 ICOUNT:676 IHITRATE: 78.3 DHITRATE: 98.5
/u/s/i/sinclair/courses/cs552/spring2019/handouts/testprograms/public/rand_final/t_114_all.asm SUCCESS CPI:4.1 CYCLES:2362 ICOUNT:578 IHITRATE: 74.8 DHITRATE: 72.5
/u/s/i/sinclair/courses/cs552/spring2019/handouts/testprograms/public/rand_final/t_114_ctrl.asm SUCCESS CPI:4.3 CYCLES:2610 ICOUNT:603 IHITRATE: 72.5 DHITRATE: 85.7
/u/s/i/sinclair/courses/cs552/spring2019/handouts/testprograms/public/rand_final/t_114_icache.asm SUCCESS CPI:11.7 CYCLES:458 ICOUNT:39 IHITRATE: 57.3 DHITRATE: 0
/u/s/i/sinclair/courses/cs552/spring2019/handouts/testprograms/public/rand_final/t_114_idcache.asm SUCCESS CPI:6.4 CYCLES:671 ICOUNT:105 IHITRATE: 69.9 DHITRATE: 18.2
/u/s/i/sinclair/courses/cs552/spring2019/handouts/testprograms/public/rand_final/t_114_mem.asm SUCCESS CPI:4.6 CYCLES:3175 ICOUNT:687 IHITRATE: 77.5 DHITRATE: 98.3
/u/s/i/sinclair/courses/cs552/spring2019/handouts/testprograms/public/rand_final/t_115_all.asm SUCCESS CPI:4.6 CYCLES:1988 ICOUNT:434 IHITRATE: 73.3 DHITRATE: 77.8
/u/s/i/sinclair/courses/cs552/spring2019/handouts/testprograms/public/rand_final/t_115_ctrl.asm SUCCESS CPI:4.8 CYCLES:2332 ICOUNT:487 IHITRATE: 73.0 DHITRATE: 75.6
/u/s/i/sinclair/courses/cs552/spring2019/handouts/testprograms/public/rand_final/t_115_icache.asm SUCCESS CPI:12.1 CYCLES:363 ICOUNT:30 IHITRATE: 56.2 DHITRATE: 0
/u/s/i/sinclair/courses/cs552/spring2019/handouts/testprograms/public/rand_final/t_115_idcache.asm SUCCESS CPI:8.5 CYCLES:590 ICOUNT:69 IHITRATE: 72.6 DHITRATE: 47.8
/u/s/i/sinclair/courses/cs552/spring2019/handouts/testprograms/public/rand_final/t_115_mem.asm SUCCESS CPI:4.8 CYCLES:3111 ICOUNT:650 IHITRATE: 76.9 DHITRATE: 99.0
/u/s/i/sinclair/courses/cs552/spring2019/handouts/testprograms/public/rand_final/t_116_all.asm SUCCESS CPI:4.2 CYCLES:2335 ICOUNT:555 IHITRATE: 73.4 DHITRATE: 75.0
/u/s/i/sinclair/courses/cs552/spring2019/handouts/testprograms/public/rand_final/t_116_ctrl.asm SUCCESS CPI:4.2 CYCLES:2515 ICOUNT:596 IHITRATE: 74.4 DHITRATE: 75.8
/u/s/i/sinclair/courses/cs552/spring2019/handouts/testprograms/public/rand_final/t_116_icache.asm SUCCESS CPI:43.2 CYCLES:389 ICOUNT:9 IHITRATE: 39.4 DHITRATE: 0
/u/s/i/sinclair/courses/cs552/spring2019/handouts/testprograms/public/rand_final/t_116_idcache.asm SUCCESS CPI:6.4 CYCLES:834 ICOUNT:130 IHITRATE: 65.9 DHITRATE: 60.9
/u/s/i/sinclair/courses/cs552/spring2019/handouts/testprograms/public/rand_final/t_116_mem.asm SUCCESS CPI:4.9 CYCLES:3221 ICOUNT:660 IHITRATE: 79.9 DHITRATE: 97.3
/u/s/i/sinclair/courses/cs552/spring2019/handouts/testprograms/public/rand_final/t_117_all.asm SUCCESS CPI:4.7 CYCLES:2086 ICOUNT:445 IHITRATE: 74.8 DHITRATE: 63.8
/u/s/i/sinclair/courses/cs552/spring2019/handouts/testprograms/public/rand_final/t_117_ctrl.asm SUCCESS CPI:4.5 CYCLES:2364 ICOUNT:521 IHITRATE: 72.7 DHITRATE: 69.6
/u/s/i/sinclair/courses/cs552/spring2019/handouts/testprograms/public/rand_final/t_117_icache.asm SUCCESS CPI:16.3 CYCLES:374 ICOUNT:23 IHITRATE: 56.6 DHITRATE: 0
/u/s/i/sinclair/courses/cs552/spring2019/handouts/testprograms/public/rand_final/t_117_idcache.asm SUCCESS CPI:9.3 CYCLES:875 ICOUNT:94 IHITRATE: 64.9 DHITRATE: 53.7
/u/s/i/sinclair/courses/cs552/spring2019/handouts/testprograms/public/rand_final/t_117_mem.asm SUCCESS CPI:4.7 CYCLES:3207 ICOUNT:678 IHITRATE: 77.9 DHITRATE: 97.8
/u/s/i/sinclair/courses/cs552/spring2019/handouts/testprograms/public/rand_final/t_118_all.asm SUCCESS CPI:4.6 CYCLES:2274 ICOUNT:496 IHITRATE: 74.6 DHITRATE: 70.2
/u/s/i/sinclair/courses/cs552/spring2019/handouts/testprograms/public/rand_final/t_118_ctrl.asm SUCCESS CPI:4.7 CYCLES:2350 ICOUNT:501 IHITRATE: 73.6 DHITRATE: 62.9
/u/s/i/sinclair/courses/cs552/spring2019/handouts/testprograms/public/rand_final/t_118_icache.asm SUCCESS CPI:20.8 CYCLES:291 ICOUNT:14 IHITRATE: 54.0 DHITRATE: 0
/u/s/i/sinclair/courses/cs552/spring2019/handouts/testprograms/public/rand_final/t_118_idcache.asm SUCCESS CPI:8.5 CYCLES:691 ICOUNT:81 IHITRATE: 65.8 DHITRATE: 20.0
/u/s/i/sinclair/courses/cs552/spring2019/handouts/testprograms/public/rand_final/t_118_mem.asm SUCCESS CPI:4.8 CYCLES:3162 ICOUNT:653 IHITRATE: 77.5 DHITRATE: 98.8
/u/s/i/sinclair/courses/cs552/spring2019/handouts/testprograms/public/rand_final/t_119_all.asm SUCCESS CPI:4.5 CYCLES:1820 ICOUNT:402 IHITRATE: 74.0 DHITRATE: 69.4
/u/s/i/sinclair/courses/cs552/spring2019/handouts/testprograms/public/rand_final/t_119_ctrl.asm SUCCESS CPI:4.4 CYCLES:2409 ICOUNT:547 IHITRATE: 73.2 DHITRATE: 71.1
/u/s/i/sinclair/courses/cs552/spring2019/handouts/testprograms/public/rand_final/t_119_icache.asm SUCCESS CPI:8.1 CYCLES:412 ICOUNT:51 IHITRATE: 55.1 DHITRATE: 0
/u/s/i/sinclair/courses/cs552/spring2019/handouts/testprograms/public/rand_final/t_119_idcache.asm SUCCESS CPI:7.0 CYCLES:556 ICOUNT:79 IHITRATE: 78.1 DHITRATE: 12.5
/u/s/i/sinclair/courses/cs552/spring2019/handouts/testprograms/public/rand_final/t_119_mem.asm SUCCESS CPI:4.8 CYCLES:3229 ICOUNT:674 IHITRATE: 78.3 DHITRATE: 97.7
/u/s/i/sinclair/courses/cs552/spring2019/handouts/testprograms/public/rand_final/t_11_mem.asm SUCCESS CPI:4.8 CYCLES:3224 ICOUNT:674 IHITRATE: 78.2 DHITRATE: 97.9
/u/s/i/sinclair/courses/cs552/spring2019/handouts/testprograms/public/rand_final/t_120_all.asm SUCCESS CPI:4.8 CYCLES:1824 ICOUNT:378 IHITRATE: 70.2 DHITRATE: 80.8
/u/s/i/sinclair/courses/cs552/spring2019/handouts/testprograms/public/rand_final/t_120_ctrl.asm SUCCESS CPI:4.4 CYCLES:2341 ICOUNT:531 IHITRATE: 72.0 DHITRATE: 71.8
/u/s/i/sinclair/courses/cs552/spring2019/handouts/testprograms/public/rand_final/t_120_icache.asm SUCCESS CPI:6.5 CYCLES:602 ICOUNT:92 IHITRATE: 62.3 DHITRATE: 0
/u/s/i/sinclair/courses/cs552/spring2019/handouts/testprograms/public/rand_final/t_120_idcache.asm SUCCESS CPI:7.3 CYCLES:799 ICOUNT:110 IHITRATE: 71.7 DHITRATE: 67.9
/u/s/i/sinclair/courses/cs552/spring2019/handouts/testprograms/public/rand_final/t_120_mem.asm SUCCESS CPI:4.8 CYCLES:3178 ICOUNT:669 IHITRATE: 77.3 DHITRATE: 98.4
/u/s/i/sinclair/courses/cs552/spring2019/handouts/testprograms/public/rand_final/t_121_all.asm SUCCESS CPI:5.0 CYCLES:1552 ICOUNT:313 IHITRATE: 71.0 DHITRATE: 65.2
/u/s/i/sinclair/courses/cs552/spring2019/handouts/testprograms/public/rand_final/t_122_all.asm SUCCESS CPI:4.8 CYCLES:1523 ICOUNT:319 IHITRATE: 72.9 DHITRATE: 69.2
/u/s/i/sinclair/courses/cs552/spring2019/handouts/testprograms/public/rand_final/t_123_all.asm SUCCESS CPI:4.5 CYCLES:2207 ICOUNT:490 IHITRATE: 72.7 DHITRATE: 63.2
/u/s/i/sinclair/courses/cs552/spring2019/handouts/testprograms/public/rand_final/t_124_all.asm SUCCESS CPI:4.3 CYCLES:1534 ICOUNT:355 IHITRATE: 73.9 DHITRATE: 65.4
/u/s/i/sinclair/courses/cs552/spring2019/handouts/testprograms/public/rand_final/t_125_all.asm SUCCESS CPI:4.8 CYCLES:2300 ICOUNT:479 IHITRATE: 75.8 DHITRATE: 55.2
/u/s/i/sinclair/courses/cs552/spring2019/handouts/testprograms/public/rand_final/t_126_all.asm SUCCESS CPI:4.2 CYCLES:2518 ICOUNT:595 IHITRATE: 74.9 DHITRATE: 55.8
/u/s/i/sinclair/courses/cs552/spring2019/handouts/testprograms/public/rand_final/t_127_all.asm SUCCESS CPI:4.5 CYCLES:2016 ICOUNT:444 IHITRATE: 73.5 DHITRATE: 72.7
/u/s/i/sinclair/courses/cs552/spring2019/handouts/testprograms/public/rand_final/t_128_all.asm SUCCESS CPI:4.8 CYCLES:2018 ICOUNT:420 IHITRATE: 71.9 DHITRATE: 64.5
/u/s/i/sinclair/courses/cs552/spring2019/handouts/testprograms/public/rand_final/t_129_all.asm SUCCESS CPI:4.7 CYCLES:1967 ICOUNT:416 IHITRATE: 74.8 DHITRATE: 70.8
/u/s/i/sinclair/courses/cs552/spring2019/handouts/testprograms/public/rand_final/t_12_mem.asm SUCCESS CPI:4.9 CYCLES:3153 ICOUNT:650 IHITRATE: 77.3 DHITRATE: 98.8
/u/s/i/sinclair/courses/cs552/spring2019/handouts/testprograms/public/rand_final/t_130_all.asm SUCCESS CPI:4.1 CYCLES:2476 ICOUNT:610 IHITRATE: 73.8 DHITRATE: 70.9
/u/s/i/sinclair/courses/cs552/spring2019/handouts/testprograms/public/rand_final/t_131_all.asm SUCCESS CPI:4.3 CYCLES:2312 ICOUNT:532 IHITRATE: 73.4 DHITRATE: 83.3
/u/s/i/sinclair/courses/cs552/spring2019/handouts/testprograms/public/rand_final/t_132_all.asm SUCCESS CPI:4.3 CYCLES:2018 ICOUNT:464 IHITRATE: 73.9 DHITRATE: 63.9
/u/s/i/sinclair/courses/cs552/spring2019/handouts/testprograms/public/rand_final/t_133_all.asm SUCCESS CPI:4.3 CYCLES:1863 ICOUNT:437 IHITRATE: 74.3 DHITRATE: 64.1
/u/s/i/sinclair/courses/cs552/spring2019/handouts/testprograms/public/rand_final/t_134_all.asm SUCCESS CPI:4.2 CYCLES:1975 ICOUNT:469 IHITRATE: 74.0 DHITRATE: 68.2
/u/s/i/sinclair/courses/cs552/spring2019/handouts/testprograms/public/rand_final/t_135_all.asm SUCCESS CPI:4.2 CYCLES:2487 ICOUNT:592 IHITRATE: 73.9 DHITRATE: 65.4
/u/s/i/sinclair/courses/cs552/spring2019/handouts/testprograms/public/rand_final/t_136_all.asm SUCCESS CPI:4.7 CYCLES:1928 ICOUNT:406 IHITRATE: 73.2 DHITRATE: 69.2
/u/s/i/sinclair/courses/cs552/spring2019/handouts/testprograms/public/rand_final/t_137_all.asm SUCCESS CPI:4.2 CYCLES:2218 ICOUNT:531 IHITRATE: 73.4 DHITRATE: 65.8
/u/s/i/sinclair/courses/cs552/spring2019/handouts/testprograms/public/rand_final/t_138_all.asm SUCCESS CPI:4.2 CYCLES:2527 ICOUNT:605 IHITRATE: 73.5 DHITRATE: 83.7
/u/s/i/sinclair/courses/cs552/spring2019/handouts/testprograms/public/rand_final/t_139_all.asm SUCCESS CPI:4.9 CYCLES:1774 ICOUNT:361 IHITRATE: 70.6 DHITRATE: 52.2
/u/s/i/sinclair/courses/cs552/spring2019/handouts/testprograms/public/rand_final/t_13_mem.asm SUCCESS CPI:4.7 CYCLES:3174 ICOUNT:677 IHITRATE: 77.5 DHITRATE: 98.8
/u/s/i/sinclair/courses/cs552/spring2019/handouts/testprograms/public/rand_final/t_140_all.asm SUCCESS CPI:4.5 CYCLES:1780 ICOUNT:396 IHITRATE: 72.3 DHITRATE: 64.5
/u/s/i/sinclair/courses/cs552/spring2019/handouts/testprograms/public/rand_final/t_141_all.asm SUCCESS CPI:4.2 CYCLES:2009 ICOUNT:479 IHITRATE: 74.4 DHITRATE: 84.4
/u/s/i/sinclair/courses/cs552/spring2019/handouts/testprograms/public/rand_final/t_142_all.asm SUCCESS CPI:4.4 CYCLES:1696 ICOUNT:388 IHITRATE: 73.4 DHITRATE: 73.3
/u/s/i/sinclair/courses/cs552/spring2019/handouts/testprograms/public/rand_final/t_143_all.asm SUCCESS CPI:4.2 CYCLES:2092 ICOUNT:503 IHITRATE: 73.7 DHITRATE: 70.6
/u/s/i/sinclair/courses/cs552/spring2019/handouts/testprograms/public/rand_final/t_144_all.asm SUCCESS CPI:5.0 CYCLES:2092 ICOUNT:421 IHITRATE: 72.8 DHITRATE: 60.0
/u/s/i/sinclair/courses/cs552/spring2019/handouts/testprograms/public/rand_final/t_145_all.asm SUCCESS CPI:4.5 CYCLES:1926 ICOUNT:430 IHITRATE: 74.0 DHITRATE: 63.9
/u/s/i/sinclair/courses/cs552/spring2019/handouts/testprograms/public/rand_final/t_146_all.asm SUCCESS CPI:4.2 CYCLES:2531 ICOUNT:597 IHITRATE: 74.2 DHITRATE: 73.7
/u/s/i/sinclair/courses/cs552/spring2019/handouts/testprograms/public/rand_final/t_147_all.asm SUCCESS CPI:4.4 CYCLES:1932 ICOUNT:438 IHITRATE: 72.9 DHITRATE: 73.3
/u/s/i/sinclair/courses/cs552/spring2019/handouts/testprograms/public/rand_final/t_148_all.asm SUCCESS CPI:4.5 CYCLES:1992 ICOUNT:443 IHITRATE: 74.2 DHITRATE: 70.7
/u/s/i/sinclair/courses/cs552/spring2019/handouts/testprograms/public/rand_final/t_149_all.asm SUCCESS CPI:4.3 CYCLES:1906 ICOUNT:443 IHITRATE: 74.3 DHITRATE: 67.9
/u/s/i/sinclair/courses/cs552/spring2019/handouts/testprograms/public/rand_final/t_14_mem.asm SUCCESS CPI:4.9 CYCLES:3184 ICOUNT:646 IHITRATE: 77.7 DHITRATE: 98.2
/u/s/i/sinclair/courses/cs552/spring2019/handouts/testprograms/public/rand_final/t_150_all.asm SUCCESS CPI:4.4 CYCLES:2169 ICOUNT:489 IHITRATE: 72.8 DHITRATE: 75.0
/u/s/i/sinclair/courses/cs552/spring2019/handouts/testprograms/public/rand_final/t_15_mem.asm SUCCESS CPI:4.7 CYCLES:3160 ICOUNT:669 IHITRATE: 77.2 DHITRATE: 98.6
/u/s/i/sinclair/courses/cs552/spring2019/handouts/testprograms/public/rand_final/t_16_mem.asm SUCCESS CPI:4.8 CYCLES:3129 ICOUNT:655 IHITRATE: 77.5 DHITRATE: 98.8
/u/s/i/sinclair/courses/cs552/spring2019/handouts/testprograms/public/rand_final/t_17_mem.asm SUCCESS CPI:4.7 CYCLES:3217 ICOUNT:685 IHITRATE: 77.8 DHITRATE: 98.5
/u/s/i/sinclair/courses/cs552/spring2019/handouts/testprograms/public/rand_final/t_18_mem.asm SUCCESS CPI:4.8 CYCLES:3191 ICOUNT:670 IHITRATE: 77.8 DHITRATE: 98.2
/u/s/i/sinclair/courses/cs552/spring2019/handouts/testprograms/public/rand_final/t_19_mem.asm SUCCESS CPI:4.7 CYCLES:3162 ICOUNT:670 IHITRATE: 77.5 DHITRATE: 98.3
